<?xml version="1.0" encoding="UTF-8"?>
<!-- Generated by org.testng.reporters.JUnitReportReporter -->
<testsuite skipped="0" hostname="AMANGUP02" name="qaclickacedemy.RestAPITest" tests="2" failures="0" timestamp="22 Oct 2018 12:07:34 GMT" time="0.016" errors="0">
  <testcase name="PostAutomation" time="0.015" classname="qaclickacedemy.RestAPITest"/>
  <testcase name="PutAutomation" time="0.001" classname="qaclickacedemy.RestAPITest"/>
</testsuite> <!-- qaclickacedemy.RestAPITest -->
