<?xml version="1.0" encoding="UTF-8"?>
<!-- Generated by org.testng.reporters.JUnitReportReporter -->
<testsuite skipped="0" hostname="AMANGUP02" name="qaclickacedemy.AppiumTest" tests="2" failures="0" timestamp="22 Oct 2018 12:13:51 GMT" time="0.010" errors="0">
  <testcase name="IOSAutomation" time="0.000" classname="qaclickacedemy.AppiumTest"/>
  <testcase name="AndroidAutomation" time="0.010" classname="qaclickacedemy.AppiumTest"/>
</testsuite> <!-- qaclickacedemy.AppiumTest -->
