<?xml version="1.0" encoding="UTF-8"?>
<!-- Generated by org.testng.reporters.JUnitReportReporter -->
<testsuite skipped="0" hostname="AMANGUP02" name="qaclickacedemy.SeleniumTest" tests="2" failures="0" timestamp="22 Oct 2018 12:07:34 GMT" time="0.002" errors="0">
  <testcase name="UIAutomation" time="0.001" classname="qaclickacedemy.SeleniumTest"/>
  <testcase name="BrowserAutomation" time="0.001" classname="qaclickacedemy.SeleniumTest"/>
</testsuite> <!-- qaclickacedemy.SeleniumTest -->
